<?xml version="1.0" encoding="UTF-8"?>
<!-- Generated by org.testng.reporters.JUnitXMLReporter -->
<testsuite ignored="0" hostname="BDC6-L-431CDWY" failures="0" tests="3" name="InwarrantyFlow" time="3.307" errors="0" timestamp="2026-01-27T20:25:45 IST">
  <testcase classname="com.api.tests.LoginAPITest" name="LoginAPITest" time="2.267"/>
  <testcase classname="com.api.tests.UserDetailsAPITest" name="UserDetailsTest" time="0.729"/>
  <testcase classname="com.api.tests.CountAPITest" name="verifyCountAPITest" time="0.273"/>
</testsuite> <!-- InwarrantyFlow -->
