<?xml version="1.0" encoding="UTF-8"?>
<testng-results ignored="0" total="1" passed="1" failed="0" skipped="0">
  <reporter-output>
  </reporter-output>
  <suite started-at="2026-01-27T15:50:46 IST" name="Default suite" finished-at="2026-01-27T15:50:51 IST" duration-ms="5494">
    <groups>
    </groups>
    <test started-at="2026-01-27T15:50:46 IST" name="Default test" finished-at="2026-01-27T15:50:51 IST" duration-ms="5494">
      <class name="com.api.tests.UserDetailsAPITest">
        <test-method signature="UserDetailsTest()[pri:0, instance:com.api.tests.UserDetailsAPITest@477b4cdf]" started-at="2026-01-27T15:50:46 IST" name="UserDetailsTest" finished-at="2026-01-27T15:50:51 IST" duration-ms="5418" status="PASS">
          <reporter-output>
          </reporter-output>
        </test-method> <!-- UserDetailsTest -->
      </class> <!-- com.api.tests.UserDetailsAPITest -->
    </test> <!-- Default test -->
  </suite> <!-- Default suite -->
</testng-results>
