<?xml version="1.0" encoding="UTF-8"?>
<testng-results ignored="0" total="1" passed="1" failed="0" skipped="0">
  <reporter-output>
  </reporter-output>
  <suite started-at="2026-01-26T23:23:15 IST" name="Default suite" finished-at="2026-01-26T23:23:20 IST" duration-ms="4436">
    <groups>
    </groups>
    <test started-at="2026-01-26T23:23:15 IST" name="Default test" finished-at="2026-01-26T23:23:20 IST" duration-ms="4436">
      <class name="com.api.tests.UserDetailsAPI">
        <test-method signature="UserDetailsTest()[pri:0, instance:com.api.tests.UserDetailsAPI@477b4cdf]" started-at="2026-01-26T23:23:15 IST" name="UserDetailsTest" finished-at="2026-01-26T23:23:20 IST" duration-ms="4375" status="PASS">
          <reporter-output>
          </reporter-output>
        </test-method> <!-- UserDetailsTest -->
      </class> <!-- com.api.tests.UserDetailsAPI -->
    </test> <!-- Default test -->
  </suite> <!-- Default suite -->
</testng-results>
