<?xml version="1.0" encoding="UTF-8"?>
<testng-results ignored="0" total="3" passed="3" failed="0" skipped="0">
  <reporter-output>
  </reporter-output>
  <suite started-at="2026-01-27T20:25:42 IST" name="Phenoix API Test Suite" finished-at="2026-01-27T20:25:45 IST" duration-ms="3307">
    <groups>
    </groups>
    <test started-at="2026-01-27T20:25:42 IST" name="InwarrantyFlow" finished-at="2026-01-27T20:25:45 IST" duration-ms="3307">
      <class name="com.api.tests.CountAPITest">
        <test-method signature="verifyCountAPITest()[pri:0, instance:com.api.tests.CountAPITest@9d5509a]" started-at="2026-01-27T20:25:45 IST" name="verifyCountAPITest" finished-at="2026-01-27T20:25:45 IST" duration-ms="273" status="PASS">
          <reporter-output>
          </reporter-output>
        </test-method> <!-- verifyCountAPITest -->
      </class> <!-- com.api.tests.CountAPITest -->
      <class name="com.api.tests.UserDetailsAPITest">
        <test-method signature="UserDetailsTest()[pri:0, instance:com.api.tests.UserDetailsAPITest@6f03482]" started-at="2026-01-27T20:25:44 IST" name="UserDetailsTest" finished-at="2026-01-27T20:25:45 IST" duration-ms="729" status="PASS">
          <reporter-output>
          </reporter-output>
        </test-method> <!-- UserDetailsTest -->
      </class> <!-- com.api.tests.UserDetailsAPITest -->
      <class name="com.api.tests.LoginAPITest">
        <test-method signature="LoginAPITest()[pri:0, instance:com.api.tests.LoginAPITest@477b4cdf]" started-at="2026-01-27T20:25:42 IST" name="LoginAPITest" finished-at="2026-01-27T20:25:44 IST" duration-ms="2267" status="PASS">
          <reporter-output>
          </reporter-output>
        </test-method> <!-- LoginAPITest -->
      </class> <!-- com.api.tests.LoginAPITest -->
    </test> <!-- InwarrantyFlow -->
  </suite> <!-- Phenoix API Test Suite -->
</testng-results>
